nohup: ignoring input
Config (path: configs/nuscenes/seg/fusion-bev256d2-lss.yaml): {'seed': 0, 'deterministic': False, 'checkpoint_config': {'interval': 1, 'max_keep_ckpts': 1}, 'log_config': {'interval': 50, 'hooks': [{'type': 'TextLoggerHook'}, {'type': 'TensorboardLoggerHook'}]}, 'load_from': None, 'resume_from': None, 'cudnn_benchmark': False, 'fp16': {'loss_scale': {'growth_interval': 2000}}, 'max_epochs': 20, 'runner': {'type': 'CustomEpochBasedRunner', 'max_epochs': 20}, 'dataset_type': 'NuScenesDataset', 'dataset_root': 'data/nuscenes/', 'gt_paste_stop_epoch': -1, 'reduce_beams': 32, 'load_dim': 5, 'use_dim': 5, 'load_augmented': None, 'point_cloud_range': [-51.2, -51.2, -5.0, 51.2, 51.2, 3.0], 'voxel_size': [0.1, 0.1, 0.2], 'image_size': [256, 704], 'augment2d': {'resize': [[0.38, 0.55], [0.48, 0.48]], 'rotate': [-5.4, 5.4], 'gridmask': {'prob': 0.0, 'fixed_prob': True}}, 'augment3d': {'scale': [0.9, 1.1], 'rotate': [-0.78539816, 0.78539816], 'translate': 0.5}, 'object_classes': ['car', 'truck', 'construction_vehicle', 'bus', 'trailer', 'barrier', 'motorcycle', 'bicycle', 'pedestrian', 'traffic_cone'], 'map_classes': ['drivable_area', 'ped_crossing', 'walkway', 'stop_line', 'carpark_area', 'divider'], 'input_modality': {'use_lidar': True, 'use_camera': True, 'use_radar': False, 'use_map': False, 'use_external': False}, 'train_pipeline': [{'type': 'LoadMultiViewImageFromFiles', 'to_float32': True}, {'type': 'LoadPointsFromFile', 'coord_type': 'LIDAR', 'load_dim': 5, 'use_dim': 5, 'reduce_beams': 32, 'load_augmented': None}, {'type': 'LoadPointsFromMultiSweeps', 'sweeps_num': 9, 'load_dim': 5, 'use_dim': 5, 'reduce_beams': 32, 'pad_empty_sweeps': True, 'remove_close': True, 'load_augmented': None}, {'type': 'LoadAnnotations3D', 'with_bbox_3d': True, 'with_label_3d': True, 'with_attr_label': False}, {'type': 'ObjectPaste', 'stop_epoch': -1, 'db_sampler': {'dataset_root': 'data/nuscenes/', 'info_path': 'data/nuscenes/nuscenes_dbinfos_train.pkl', 'rate': 1.0, 'prepare': {'filter_by_difficulty': [-1], 'filter_by_min_points': {'car': 5, 'truck': 5, 'bus': 5, 'trailer': 5, 'construction_vehicle': 5, 'traffic_cone': 5, 'barrier': 5, 'motorcycle': 5, 'bicycle': 5, 'pedestrian': 5}}, 'classes': ['car', 'truck', 'construction_vehicle', 'bus', 'trailer', 'barrier', 'motorcycle', 'bicycle', 'pedestrian', 'traffic_cone'], 'sample_groups': {'car': 2, 'truck': 3, 'construction_vehicle': 7, 'bus': 4, 'trailer': 6, 'barrier': 2, 'motorcycle': 6, 'bicycle': 6, 'pedestrian': 2, 'traffic_cone': 2}, 'points_loader': {'type': 'LoadPointsFromFile', 'coord_type': 'LIDAR', 'load_dim': 5, 'use_dim': 5, 'reduce_beams': 32}}}, {'type': 'ImageAug3D', 'final_dim': [256, 704], 'resize_lim': [0.38, 0.55], 'bot_pct_lim': [0.0, 0.0], 'rot_lim': [-5.4, 5.4], 'rand_flip': True, 'is_train': True}, {'type': 'GlobalRotScaleTrans', 'resize_lim': [0.9, 1.1], 'rot_lim': [-0.78539816, 0.78539816], 'trans_lim': 0.5, 'is_train': True}, {'type': 'LoadBEVSegmentation', 'dataset_root': 'data/nuscenes/', 'xbound': [-50.0, 50.0, 0.5], 'ybound': [-50.0, 50.0, 0.5], 'classes': ['drivable_area', 'ped_crossing', 'walkway', 'stop_line', 'carpark_area', 'divider']}, {'type': 'RandomFlip3D'}, {'type': 'PointsRangeFilter', 'point_cloud_range': [-51.2, -51.2, -5.0, 51.2, 51.2, 3.0]}, {'type': 'ObjectRangeFilter', 'point_cloud_range': [-51.2, -51.2, -5.0, 51.2, 51.2, 3.0]}, {'type': 'ObjectNameFilter', 'classes': ['car', 'truck', 'construction_vehicle', 'bus', 'trailer', 'barrier', 'motorcycle', 'bicycle', 'pedestrian', 'traffic_cone']}, {'type': 'ImageNormalize', 'mean': [0.485, 0.456, 0.406], 'std': [0.229, 0.224, 0.225]}, {'type': 'GridMask', 'use_h': True, 'use_w': True, 'max_epoch': 20, 'rotate': 1, 'offset': False, 'ratio': 0.5, 'mode': 1, 'prob': 0.0, 'fixed_prob': True}, {'type': 'PointShuffle'}, {'type': 'DefaultFormatBundle3D', 'classes': ['car', 'truck', 'construction_vehicle', 'bus', 'trailer', 'barrier', 'motorcycle', 'bicycle', 'pedestrian', 'traffic_cone']}, {'type': 'Collect3D', 'keys': ['img', 'points', 'gt_bboxes_3d', 'gt_labels_3d', 'gt_masks_bev'], 'meta_keys': ['camera_intrinsics', 'camera2ego', 'lidar2ego', 'lidar2camera', 'camera2lidar', 'lidar2image', 'img_aug_matrix', 'lidar_aug_matrix']}, {'type': 'GTDepth', 'keyframe_only': True}], 'test_pipeline': [{'type': 'LoadMultiViewImageFromFiles', 'to_float32': True}, {'type': 'LoadPointsFromFile', 'coord_type': 'LIDAR', 'load_dim': 5, 'use_dim': 5, 'reduce_beams': 32, 'load_augmented': None}, {'type': 'LoadPointsFromMultiSweeps', 'sweeps_num': 9, 'load_dim': 5, 'use_dim': 5, 'reduce_beams': 32, 'pad_empty_sweeps': True, 'remove_close': True, 'load_augmented': None}, {'type': 'LoadAnnotations3D', 'with_bbox_3d': True, 'with_label_3d': True, 'with_attr_label': False}, {'type': 'ImageAug3D', 'final_dim': [256, 704], 'resize_lim': [0.48, 0.48], 'bot_pct_lim': [0.0, 0.0], 'rot_lim': [0.0, 0.0], 'rand_flip': False, 'is_train': False}, {'type': 'GlobalRotScaleTrans', 'resize_lim': [1.0, 1.0], 'rot_lim': [0.0, 0.0], 'trans_lim': 0.0, 'is_train': False}, {'type': 'LoadBEVSegmentation', 'dataset_root': 'data/nuscenes/', 'xbound': [-50.0, 50.0, 0.5], 'ybound': [-50.0, 50.0, 0.5], 'classes': ['drivable_area', 'ped_crossing', 'walkway', 'stop_line', 'carpark_area', 'divider']}, {'type': 'PointsRangeFilter', 'point_cloud_range': [-51.2, -51.2, -5.0, 51.2, 51.2, 3.0]}, {'type': 'ImageNormalize', 'mean': [0.485, 0.456, 0.406], 'std': [0.229, 0.224, 0.225]}, {'type': 'DefaultFormatBundle3D', 'classes': ['car', 'truck', 'construction_vehicle', 'bus', 'trailer', 'barrier', 'motorcycle', 'bicycle', 'pedestrian', 'traffic_cone']}, {'type': 'Collect3D', 'keys': ['img', 'points', 'gt_bboxes_3d', 'gt_labels_3d', 'gt_masks_bev'], 'meta_keys': ['camera_intrinsics', 'camera2ego', 'lidar2ego', 'lidar2camera', 'camera2lidar', 'lidar2image', 'img_aug_matrix', 'lidar_aug_matrix']}, {'type': 'GTDepth', 'keyframe_only': True}], 'data': {'samples_per_gpu': 4, 'workers_per_gpu': 4, 'train': {'type': 'CBGSDataset', 'dataset': {'type': 'NuScenesDataset', 'dataset_root': 'data/nuscenes/', 'ann_file': 'data/nuscenes/nuscenes_infos_train.pkl', 'pipeline': [{'type': 'LoadMultiViewImageFromFiles', 'to_float32': True}, {'type': 'LoadPointsFromFile', 'coord_type': 'LIDAR', 'load_dim': 5, 'use_dim': 5, 'reduce_beams': 32, 'load_augmented': None}, {'type': 'LoadPointsFromMultiSweeps', 'sweeps_num': 9, 'load_dim': 5, 'use_dim': 5, 'reduce_beams': 32, 'pad_empty_sweeps': True, 'remove_close': True, 'load_augmented': None}, {'type': 'LoadAnnotations3D', 'with_bbox_3d': True, 'with_label_3d': True, 'with_attr_label': False}, {'type': 'ObjectPaste', 'stop_epoch': -1, 'db_sampler': {'dataset_root': 'data/nuscenes/', 'info_path': 'data/nuscenes/nuscenes_dbinfos_train.pkl', 'rate': 1.0, 'prepare': {'filter_by_difficulty': [-1], 'filter_by_min_points': {'car': 5, 'truck': 5, 'bus': 5, 'trailer': 5, 'construction_vehicle': 5, 'traffic_cone': 5, 'barrier': 5, 'motorcycle': 5, 'bicycle': 5, 'pedestrian': 5}}, 'classes': ['car', 'truck', 'construction_vehicle', 'bus', 'trailer', 'barrier', 'motorcycle', 'bicycle', 'pedestrian', 'traffic_cone'], 'sample_groups': {'car': 2, 'truck': 3, 'construction_vehicle': 7, 'bus': 4, 'trailer': 6, 'barrier': 2, 'motorcycle': 6, 'bicycle': 6, 'pedestrian': 2, 'traffic_cone': 2}, 'points_loader': {'type': 'LoadPointsFromFile', 'coord_type': 'LIDAR', 'load_dim': 5, 'use_dim': 5, 'reduce_beams': 32}}}, {'type': 'ImageAug3D', 'final_dim': [256, 704], 'resize_lim': [0.38, 0.55], 'bot_pct_lim': [0.0, 0.0], 'rot_lim': [-5.4, 5.4], 'rand_flip': True, 'is_train': True}, {'type': 'GlobalRotScaleTrans', 'resize_lim': [0.9, 1.1], 'rot_lim': [-0.78539816, 0.78539816], 'trans_lim': 0.5, 'is_train': True}, {'type': 'LoadBEVSegmentation', 'dataset_root': 'data/nuscenes/', 'xbound': [-50.0, 50.0, 0.5], 'ybound': [-50.0, 50.0, 0.5], 'classes': ['drivable_area', 'ped_crossing', 'walkway', 'stop_line', 'carpark_area', 'divider']}, {'type': 'RandomFlip3D'}, {'type': 'PointsRangeFilter', 'point_cloud_range': [-51.2, -51.2, -5.0, 51.2, 51.2, 3.0]}, {'type': 'ObjectRangeFilter', 'point_cloud_range': [-51.2, -51.2, -5.0, 51.2, 51.2, 3.0]}, {'type': 'ObjectNameFilter', 'classes': ['car', 'truck', 'construction_vehicle', 'bus', 'trailer', 'barrier', 'motorcycle', 'bicycle', 'pedestrian', 'traffic_cone']}, {'type': 'ImageNormalize', 'mean': [0.485, 0.456, 0.406], 'std': [0.229, 0.224, 0.225]}, {'type': 'GridMask', 'use_h': True, 'use_w': True, 'max_epoch': 20, 'rotate': 1, 'offset': False, 'ratio': 0.5, 'mode': 1, 'prob': 0.0, 'fixed_prob': True}, {'type': 'PointShuffle'}, {'type': 'DefaultFormatBundle3D', 'classes': ['car', 'truck', 'construction_vehicle', 'bus', 'trailer', 'barrier', 'motorcycle', 'bicycle', 'pedestrian', 'traffic_cone']}, {'type': 'Collect3D', 'keys': ['img', 'points', 'gt_bboxes_3d', 'gt_labels_3d', 'gt_masks_bev'], 'meta_keys': ['camera_intrinsics', 'camera2ego', 'lidar2ego', 'lidar2camera', 'camera2lidar', 'lidar2image', 'img_aug_matrix', 'lidar_aug_matrix']}, {'type': 'GTDepth', 'keyframe_only': True}], 'object_classes': ['car', 'truck', 'construction_vehicle', 'bus', 'trailer', 'barrier', 'motorcycle', 'bicycle', 'pedestrian', 'traffic_cone'], 'map_classes': ['drivable_area', 'ped_crossing', 'walkway', 'stop_line', 'carpark_area', 'divider'], 'modality': {'use_lidar': True, 'use_camera': True, 'use_radar': False, 'use_map': False, 'use_external': False}, 'test_mode': False, 'use_valid_flag': True, 'box_type_3d': 'LiDAR'}}, 'val': {'type': 'NuScenesDataset', 'dataset_root': 'data/nuscenes/', 'ann_file': 'data/nuscenes/nuscenes_infos_val.pkl', 'pipeline': [{'type': 'LoadMultiViewImageFromFiles', 'to_float32': True}, {'type': 'LoadPointsFromFile', 'coord_type': 'LIDAR', 'load_dim': 5, 'use_dim': 5, 'reduce_beams': 32, 'load_augmented': None}, {'type': 'LoadPointsFromMultiSweeps', 'sweeps_num': 9, 'load_dim': 5, 'use_dim': 5, 'reduce_beams': 32, 'pad_empty_sweeps': True, 'remove_close': True, 'load_augmented': None}, {'type': 'LoadAnnotations3D', 'with_bbox_3d': True, 'with_label_3d': True, 'with_attr_label': False}, {'type': 'ImageAug3D', 'final_dim': [256, 704], 'resize_lim': [0.48, 0.48], 'bot_pct_lim': [0.0, 0.0], 'rot_lim': [0.0, 0.0], 'rand_flip': False, 'is_train': False}, {'type': 'GlobalRotScaleTrans', 'resize_lim': [1.0, 1.0], 'rot_lim': [0.0, 0.0], 'trans_lim': 0.0, 'is_train': False}, {'type': 'LoadBEVSegmentation', 'dataset_root': 'data/nuscenes/', 'xbound': [-50.0, 50.0, 0.5], 'ybound': [-50.0, 50.0, 0.5], 'classes': ['drivable_area', 'ped_crossing', 'walkway', 'stop_line', 'carpark_area', 'divider']}, {'type': 'PointsRangeFilter', 'point_cloud_range': [-51.2, -51.2, -5.0, 51.2, 51.2, 3.0]}, {'type': 'ImageNormalize', 'mean': [0.485, 0.456, 0.406], 'std': [0.229, 0.224, 0.225]}, {'type': 'DefaultFormatBundle3D', 'classes': ['car', 'truck', 'construction_vehicle', 'bus', 'trailer', 'barrier', 'motorcycle', 'bicycle', 'pedestrian', 'traffic_cone']}, {'type': 'Collect3D', 'keys': ['img', 'points', 'gt_bboxes_3d', 'gt_labels_3d', 'gt_masks_bev'], 'meta_keys': ['camera_intrinsics', 'camera2ego', 'lidar2ego', 'lidar2camera', 'camera2lidar', 'lidar2image', 'img_aug_matrix', 'lidar_aug_matrix']}, {'type': 'GTDepth', 'keyframe_only': True}], 'object_classes': ['car', 'truck', 'construction_vehicle', 'bus', 'trailer', 'barrier', 'motorcycle', 'bicycle', 'pedestrian', 'traffic_cone'], 'map_classes': ['drivable_area', 'ped_crossing', 'walkway', 'stop_line', 'carpark_area', 'divider'], 'modality': {'use_lidar': True, 'use_camera': True, 'use_radar': False, 'use_map': False, 'use_external': False}, 'test_mode': False, 'box_type_3d': 'LiDAR'}, 'test': {'type': 'NuScenesDataset', 'dataset_root': 'data/nuscenes/', 'ann_file': 'data/nuscenes/nuscenes_infos_val.pkl', 'pipeline': [{'type': 'LoadMultiViewImageFromFiles', 'to_float32': True}, {'type': 'LoadPointsFromFile', 'coord_type': 'LIDAR', 'load_dim': 5, 'use_dim': 5, 'reduce_beams': 32, 'load_augmented': None}, {'type': 'LoadPointsFromMultiSweeps', 'sweeps_num': 9, 'load_dim': 5, 'use_dim': 5, 'reduce_beams': 32, 'pad_empty_sweeps': True, 'remove_close': True, 'load_augmented': None}, {'type': 'LoadAnnotations3D', 'with_bbox_3d': True, 'with_label_3d': True, 'with_attr_label': False}, {'type': 'ImageAug3D', 'final_dim': [256, 704], 'resize_lim': [0.48, 0.48], 'bot_pct_lim': [0.0, 0.0], 'rot_lim': [0.0, 0.0], 'rand_flip': False, 'is_train': False}, {'type': 'GlobalRotScaleTrans', 'resize_lim': [1.0, 1.0], 'rot_lim': [0.0, 0.0], 'trans_lim': 0.0, 'is_train': False}, {'type': 'LoadBEVSegmentation', 'dataset_root': 'data/nuscenes/', 'xbound': [-50.0, 50.0, 0.5], 'ybound': [-50.0, 50.0, 0.5], 'classes': ['drivable_area', 'ped_crossing', 'walkway', 'stop_line', 'carpark_area', 'divider']}, {'type': 'PointsRangeFilter', 'point_cloud_range': [-51.2, -51.2, -5.0, 51.2, 51.2, 3.0]}, {'type': 'ImageNormalize', 'mean': [0.485, 0.456, 0.406], 'std': [0.229, 0.224, 0.225]}, {'type': 'DefaultFormatBundle3D', 'classes': ['car', 'truck', 'construction_vehicle', 'bus', 'trailer', 'barrier', 'motorcycle', 'bicycle', 'pedestrian', 'traffic_cone']}, {'type': 'Collect3D', 'keys': ['img', 'points', 'gt_bboxes_3d', 'gt_labels_3d', 'gt_masks_bev'], 'meta_keys': ['camera_intrinsics', 'camera2ego', 'lidar2ego', 'lidar2camera', 'camera2lidar', 'lidar2image', 'img_aug_matrix', 'lidar_aug_matrix']}, {'type': 'GTDepth', 'keyframe_only': True}], 'object_classes': ['car', 'truck', 'construction_vehicle', 'bus', 'trailer', 'barrier', 'motorcycle', 'bicycle', 'pedestrian', 'traffic_cone'], 'map_classes': ['drivable_area', 'ped_crossing', 'walkway', 'stop_line', 'carpark_area', 'divider'], 'modality': {'use_lidar': True, 'use_camera': True, 'use_radar': False, 'use_map': False, 'use_external': False}, 'test_mode': True, 'box_type_3d': 'LiDAR'}}, 'evaluation': {'interval': 1, 'pipeline': [{'type': 'LoadMultiViewImageFromFiles', 'to_float32': True}, {'type': 'LoadPointsFromFile', 'coord_type': 'LIDAR', 'load_dim': 5, 'use_dim': 5, 'reduce_beams': 32, 'load_augmented': None}, {'type': 'LoadPointsFromMultiSweeps', 'sweeps_num': 9, 'load_dim': 5, 'use_dim': 5, 'reduce_beams': 32, 'pad_empty_sweeps': True, 'remove_close': True, 'load_augmented': None}, {'type': 'LoadAnnotations3D', 'with_bbox_3d': True, 'with_label_3d': True, 'with_attr_label': False}, {'type': 'ImageAug3D', 'final_dim': [256, 704], 'resize_lim': [0.48, 0.48], 'bot_pct_lim': [0.0, 0.0], 'rot_lim': [0.0, 0.0], 'rand_flip': False, 'is_train': False}, {'type': 'GlobalRotScaleTrans', 'resize_lim': [1.0, 1.0], 'rot_lim': [0.0, 0.0], 'trans_lim': 0.0, 'is_train': False}, {'type': 'LoadBEVSegmentation', 'dataset_root': 'data/nuscenes/', 'xbound': [-50.0, 50.0, 0.5], 'ybound': [-50.0, 50.0, 0.5], 'classes': ['drivable_area', 'ped_crossing', 'walkway', 'stop_line', 'carpark_area', 'divider']}, {'type': 'PointsRangeFilter', 'point_cloud_range': [-51.2, -51.2, -5.0, 51.2, 51.2, 3.0]}, {'type': 'ImageNormalize', 'mean': [0.485, 0.456, 0.406], 'std': [0.229, 0.224, 0.225]}, {'type': 'DefaultFormatBundle3D', 'classes': ['car', 'truck', 'construction_vehicle', 'bus', 'trailer', 'barrier', 'motorcycle', 'bicycle', 'pedestrian', 'traffic_cone']}, {'type': 'Collect3D', 'keys': ['img', 'points', 'gt_bboxes_3d', 'gt_labels_3d', 'gt_masks_bev'], 'meta_keys': ['camera_intrinsics', 'camera2ego', 'lidar2ego', 'lidar2camera', 'camera2lidar', 'lidar2image', 'img_aug_matrix', 'lidar_aug_matrix']}, {'type': 'GTDepth', 'keyframe_only': True}]}, 'model': {'type': 'BEVFusion', 'heads': {'object': None, 'map': {'type': 'BEVSegmentationHead', 'in_channels': 512, 'grid_transform': {'input_scope': [[-51.2, 51.2, 0.8], [-51.2, 51.2, 0.8]], 'output_scope': [[-50, 50, 0.5], [-50, 50, 0.5]]}, 'classes': ['drivable_area', 'ped_crossing', 'walkway', 'stop_line', 'carpark_area', 'divider'], 'loss': 'focal'}}, 'encoders': {'camera': {'backbone': {'type': 'SwinTransformer', 'embed_dims': 96, 'depths': [2, 2, 6, 2], 'num_heads': [3, 6, 12, 24], 'window_size': 7, 'mlp_ratio': 4, 'qkv_bias': True, 'qk_scale': None, 'drop_rate': 0.0, 'attn_drop_rate': 0.0, 'drop_path_rate': 0.3, 'patch_norm': True, 'out_indices': [1, 2, 3], 'with_cp': False, 'convert_weights': True, 'init_cfg': {'type': 'Pretrained', 'checkpoint': 'https://github.com/SwinTransformer/storage/releases/download/v1.0.0/swin_tiny_patch4_window7_224.pth'}}, 'neck': {'type': 'GeneralizedLSSFPN', 'in_channels': [192, 384, 768], 'out_channels': 256, 'start_level': 0, 'num_outs': 3, 'norm_cfg': {'type': 'BN2d', 'requires_grad': True}, 'act_cfg': {'type': 'ReLU', 'inplace': True}, 'upsample_cfg': {'mode': 'bilinear', 'align_corners': False}}, 'vtransform': {'type': 'LSSTransform', 'in_channels': 256, 'out_channels': 80, 'image_size': [256, 704], 'feature_size': [32, 88], 'xbound': [-51.2, 51.2, 0.4], 'ybound': [-51.2, 51.2, 0.4], 'zbound': [-10.0, 10.0, 20.0], 'dbound': [1.0, 60.0, 0.5], 'downsample': 2}}, 'lidar': {'voxelize': {'max_num_points': 10, 'point_cloud_range': [-51.2, -51.2, -5.0, 51.2, 51.2, 3.0], 'voxel_size': [0.1, 0.1, 0.2], 'max_voxels': [90000, 120000]}, 'backbone': {'type': 'SparseEncoder', 'in_channels': 5, 'sparse_shape': [1024, 1024, 41], 'output_channels': 128, 'order': ['conv', 'norm', 'act'], 'encoder_channels': [[16, 16, 32], [32, 32, 64], [64, 64, 128], [128, 128]], 'encoder_paddings': [[0, 0, 1], [0, 0, 1], [0, 0, [1, 1, 0]], [0, 0]], 'block_type': 'basicblock'}}}, 'fuser': {'type': 'ConvFuser', 'in_channels': [80, 256], 'out_channels': 256}, 'decoder': {'backbone': {'type': 'SECOND', 'in_channels': 256, 'out_channels': [128, 256], 'layer_nums': [5, 5], 'layer_strides': [1, 2], 'norm_cfg': {'type': 'BN', 'eps': 0.001, 'momentum': 0.01}, 'conv_cfg': {'type': 'Conv2d', 'bias': False}}, 'neck': {'type': 'SECONDFPN', 'in_channels': [128, 256], 'out_channels': [256, 256], 'upsample_strides': [1, 2], 'norm_cfg': {'type': 'BN', 'eps': 0.001, 'momentum': 0.01}, 'upsample_cfg': {'type': 'deconv', 'bias': False}, 'use_conv_for_no_stride': True}}}, 'optimizer': {'type': 'AdamW', 'lr': 0.0001, 'weight_decay': 0.01, 'paramwise_cfg': {'custom_keys': {'absolute_pos_embed': {'decay_mult': 0}, 'relative_position_bias_table': {'decay_mult': 0}}}}, 'optimizer_config': {'grad_clip': {'max_norm': 35, 'norm_type': 2}}, 'lr_config': {'policy': 'cyclic'}, 'momentum_config': {'policy': 'cyclic'}}
Traceback (most recent call last):
  File "/opt/conda/lib/python3.8/site-packages/mmcv/utils/registry.py", line 52, in build_from_cfg
    return obj_cls(**args)
  File "/workspace/BEVFusion/mmdet3d/datasets/pipelines/loading.py", line 263, in __init__
    self.maps[location] = NuScenesMap(dataset_root, location)
  File "/opt/conda/lib/python3.8/site-packages/nuscenes/map_expansion/map_api.py", line 91, in __init__
    with open(self.json_fname, 'r') as fh:
FileNotFoundError: [Errno 2] No such file or directory: 'data/nuscenes/maps/expansion/singapore-onenorth.json'

During handling of the above exception, another exception occurred:

Traceback (most recent call last):
  File "/opt/conda/lib/python3.8/site-packages/mmcv/utils/registry.py", line 52, in build_from_cfg
    return obj_cls(**args)
  File "/workspace/BEVFusion/mmdet3d/datasets/nuscenes_dataset.py", line 143, in __init__
    super().__init__(
  File "/workspace/BEVFusion/mmdet3d/datasets/custom_3d.py", line 69, in __init__
    self.pipeline = Compose(pipeline)
  File "/opt/conda/lib/python3.8/site-packages/mmdet/datasets/pipelines/compose.py", line 23, in __init__
    transform = build_from_cfg(transform, PIPELINES)
  File "/opt/conda/lib/python3.8/site-packages/mmcv/utils/registry.py", line 55, in build_from_cfg
    raise type(e)(f'{obj_cls.__name__}: {e}')
FileNotFoundError: LoadBEVSegmentation: [Errno 2] No such file or directory: 'data/nuscenes/maps/expansion/singapore-onenorth.json'

During handling of the above exception, another exception occurred:

Traceback (most recent call last):
  File "tools/test.py", line 236, in <module>
    main()
  File "tools/test.py", line 174, in main
    dataset = build_dataset(cfg.data.test)
  File "/workspace/BEVFusion/mmdet3d/datasets/builder.py", line 42, in build_dataset
    dataset = build_from_cfg(cfg, DATASETS, default_args)
  File "/opt/conda/lib/python3.8/site-packages/mmcv/utils/registry.py", line 55, in build_from_cfg
    raise type(e)(f'{obj_cls.__name__}: {e}')
FileNotFoundError: NuScenesDataset: LoadBEVSegmentation: [Errno 2] No such file or directory: 'data/nuscenes/maps/expansion/singapore-onenorth.json'
--------------------------------------------------------------------------
Primary job  terminated normally, but 1 process returned
a non-zero exit code. Per user-direction, the job has been aborted.
--------------------------------------------------------------------------
--------------------------------------------------------------------------
mpirun detected that one or more processes exited with non-zero status, thus causing
the job to be terminated. The first process to do so was:

  Process name: [[48627,1],0]
  Exit code:    1
--------------------------------------------------------------------------
